<?xml version="1.0" encoding="UTF-8"?>
<!-- Generated by org.testng.reporters.JUnitReportReporter -->
<testsuite hostname="karthik-2002" failures="0" tests="1" name="Capstone_project_march.Capstone_project_march.AppTest" time="0.001" errors="0" timestamp="2025-03-19T17:44:57 IST" skipped="0">
  <testcase classname="Capstone_project_march.Capstone_project_march.AppTest" name="testApp" time="0.001"/>
  <system-out/>
</testsuite> <!-- Capstone_project_march.Capstone_project_march.AppTest -->
