<?xml version="1.0" encoding="UTF-8"?>
<!-- Generated by org.testng.reporters.JUnitReportReporter -->
<testsuite hostname="karthik-2002" failures="0" tests="1" name="testPages.CartTest1" time="22.203" errors="0" timestamp="2025-03-21T14:23:58 IST" skipped="0">
  <testcase classname="testPages.CartTest1" name="testingthecart" time="22.203"/>
  <system-out/>
</testsuite> <!-- testPages.CartTest1 -->
