<?xml version="1.0" encoding="UTF-8"?>
<!-- Generated by org.testng.reporters.JUnitReportReporter -->
<testsuite hostname="karthik-2002" failures="0" tests="1" name="testPages.CartTest" time="15.114" errors="0" timestamp="2025-03-21T11:18:05 IST" skipped="0">
  <testcase classname="testPages.CartTest" name="testingthecart" time="15.114"/>
  <system-out/>
</testsuite> <!-- testPages.CartTest -->
