<?xml version="1.0" encoding="UTF-8"?>
<!-- Generated by org.testng.reporters.JUnitReportReporter -->
<testsuite hostname="karthik-2002" failures="0" tests="1" name="testPages.LoginTest" time="66.808" errors="0" timestamp="2025-03-19T12:18:52 IST" skipped="0">
  <testcase classname="testPages.LoginTest" name="testUserLogin" time="66.808"/>
  <system-out/>
</testsuite> <!-- testPages.LoginTest -->
