<?xml version="1.0" encoding="UTF-8"?>
<!-- Generated by org.testng.reporters.JUnitReportReporter -->
<testsuite hostname="karthik-2002" failures="0" tests="1" name="testPages.CartTest1" time="48.175" errors="0" timestamp="2025-03-24T16:44:38 IST" skipped="0">
  <testcase classname="testPages.CartTest1" name="testingthecart" time="48.175"/>
  <system-out/>
</testsuite> <!-- testPages.CartTest1 -->
