<?xml version="1.0" encoding="UTF-8"?>
<!-- Generated by org.testng.reporters.JUnitReportReporter -->
<testsuite hostname="karthik-2002" failures="0" tests="3" name="testPages.RegisterTest" time="9.218" errors="0" timestamp="2025-03-20T18:18:47 IST" skipped="2">
  <testcase classname="testPages.RegisterTest" name="testUserRegistration" time="9.218"/>
  <system-out/>
  <testcase classname="testPages.RegisterTest" name="testingthecart">
    <skipped/>
  </testcase> <!-- testingthecart -->
  <system-out/>
  <testcase classname="testPages.RegisterTest" name="testUserLogin">
    <skipped/>
  </testcase> <!-- testUserLogin -->
  <system-out/>
</testsuite> <!-- testPages.RegisterTest -->
