<?xml version="1.0" encoding="UTF-8"?>
<!-- Generated by org.testng.reporters.JUnitReportReporter -->
<testsuite hostname="karthik-2002" failures="0" tests="1" name="runner.RegisterRunBdd" time="8.549" errors="0" timestamp="2025-03-21T15:01:03 IST" skipped="0">
  <testcase classname="runner.RegisterRunBdd" name="runScenario" time="8.549"/>
  <system-out/>
</testsuite> <!-- runner.RegisterRunBdd -->
