<?xml version="1.0" encoding="UTF-8"?>
<!-- Generated by org.testng.reporters.JUnitReportReporter -->
<testsuite hostname="karthik-2002" failures="0" tests="3" name="testPages.InvalidLoginData" time="32.153" errors="0" timestamp="2025-03-22T13:25:46 IST" skipped="0">
  <testcase classname="testPages.InvalidLoginData" name="testInvalidLogin" time="10.142"/>
  <system-out/>
  <testcase classname="testPages.InvalidLoginData" name="testInvalidLogin" time="11.490"/>
  <system-out/>
  <testcase classname="testPages.InvalidLoginData" name="testInvalidLogin" time="10.521"/>
  <system-out/>
</testsuite> <!-- testPages.InvalidLoginData -->
