<?xml version="1.0" encoding="UTF-8"?>
<!-- Generated by org.testng.reporters.JUnitReportReporter -->
<testsuite hostname="karthik-2002" failures="0" tests="1" name="testPages.CartTest1" time="50.130" errors="0" timestamp="2025-03-24T13:14:47 IST" skipped="0">
  <testcase classname="testPages.CartTest1" name="testingthecart" time="50.130"/>
  <system-out/>
</testsuite> <!-- testPages.CartTest1 -->
