<?xml version="1.0" encoding="UTF-8"?>
<!-- Generated by org.testng.reporters.JUnitReportReporter -->
<testsuite hostname="karthik-2002" failures="0" tests="1" name="runner.RegisterRunBdd" time="17.027" errors="0" timestamp="2025-03-25T11:11:40 IST" skipped="0">
  <testcase classname="runner.RegisterRunBdd" name="runScenario" time="17.027"/>
</testsuite> <!-- runner.RegisterRunBdd -->
