<?xml version="1.0" encoding="UTF-8"?>
<!-- Generated by org.testng.reporters.JUnitReportReporter -->
<testsuite hostname="karthik-2002" failures="0" tests="1" name="testPages.CartTest" time="23.758" errors="0" timestamp="2025-03-24T13:14:47 IST" skipped="0">
  <testcase classname="testPages.CartTest" name="testingthecart" time="23.758"/>
  <system-out/>
</testsuite> <!-- testPages.CartTest -->
