<?xml version="1.0" encoding="UTF-8"?>
<!-- Generated by org.testng.reporters.JUnitReportReporter -->
<testsuite hostname="karthik-2002" failures="0" tests="1" name="testPages.CartTest" time="35.581" errors="0" timestamp="2025-03-22T15:06:16 IST" skipped="0">
  <testcase classname="testPages.CartTest" name="testingthecart" time="35.581"/>
  <system-out/>
</testsuite> <!-- testPages.CartTest -->
